<?xml version="1.0" encoding="UTF-8"?>
<!-- Generated by org.testng.reporters.JUnitXMLReporter -->
<testsuite hostname="Hi" ignored="0" name="Test1" tests="1" failures="1" timestamp="28 Feb 2021 05:07:23 GMT" time="14.77" errors="0">
  <testcase name="facebook" time="14.663" classname="com.testing.ParametersLoginPage">
    <failure type="org.openqa.selenium.ElementClickInterceptedException" message="element click intercepted: Element &amp;lt;button value=&amp;quot;1&amp;quot; class=&amp;quot;_42ft _4jy0 _6lth _4jy6 _4jy1 selected _51sy&amp;quot; name=&amp;quot;login&amp;quot; data-testid=&amp;quot;royal_login_button&amp;quot; type=&amp;quot;submit&amp;quot; id=&amp;quot;u_0_d_tI&amp;quot;&amp;gt;...&amp;lt;/button&amp;gt; is not clickable at point (962, 304). Other element would receive the click: &amp;lt;div style=&amp;quot;position: static; display: block; width: auto; height: auto; padding: 0px; margin: 0px; font: 11px / 1 Arial, Helvetica, sans-serif; text-align: left; color: rgb(0, 0, 0); border: none; border-radius: 0px; white-space: nowrap; z-index: 2147483646;&amp;quot;&amp;gt;...&amp;lt;/div&amp;gt;
  (Session info: chrome=88.0.4324.190)
Build info: version: &amp;apos;3.141.59&amp;apos;, revision: &amp;apos;e82be7d358&amp;apos;, time: &amp;apos;2018-11-14T08:17:03&amp;apos;
System info: host: &amp;apos;HI&amp;apos;, ip: &amp;apos;192.168.43.109&amp;apos;, os.name: &amp;apos;Windows 8&amp;apos;, os.arch: &amp;apos;x86&amp;apos;, os.version: &amp;apos;6.2&amp;apos;, java.version: &amp;apos;1.8.0_241&amp;apos;
Driver info: org.openqa.selenium.chrome.ChromeDriver
Capabilities {acceptInsecureCerts: false, browserName: chrome, browserVersion: 88.0.4324.190, chrome: {chromedriverVersion: 88.0.4324.96 (68dba2d8a0b14..., userDataDir: C:\Users\MOHAMA~1\AppData\L...}, goog:chromeOptions: {debuggerAddress: localhost:61596}, javascriptEnabled: true, networkConnectionEnabled: false, pageLoadStrategy: normal, platform: WINDOWS, platformName: WINDOWS, proxy: Proxy(), setWindowRect: true, strictFileInteractability: false, timeouts: {implicit: 0, pageLoad: 300000, script: 30000}, unhandledPromptBehavior: dismiss and notify, webauthn:extension:largeBlob: true, webauthn:virtualAuthenticators: true}
Session ID: 0cc0a954e8f7d4115134d1e5fc65466d">
      <![CDATA[org.openqa.selenium.ElementClickInterceptedException: element click intercepted: Element <button value="1" class="_42ft _4jy0 _6lth _4jy6 _4jy1 selected _51sy" name="login" data-testid="royal_login_button" type="submit" id="u_0_d_tI">...</button> is not clickable at point (962, 304). Other element would receive the click: <div style="position: static; display: block; width: auto; height: auto; padding: 0px; margin: 0px; font: 11px / 1 Arial, Helvetica, sans-serif; text-align: left; color: rgb(0, 0, 0); border: none; border-radius: 0px; white-space: nowrap; z-index: 2147483646;">...</div>
  (Session info: chrome=88.0.4324.190)
Build info: version: '3.141.59', revision: 'e82be7d358', time: '2018-11-14T08:17:03'
System info: host: 'HI', ip: '192.168.43.109', os.name: 'Windows 8', os.arch: 'x86', os.version: '6.2', java.version: '1.8.0_241'
Driver info: org.openqa.selenium.chrome.ChromeDriver
Capabilities {acceptInsecureCerts: false, browserName: chrome, browserVersion: 88.0.4324.190, chrome: {chromedriverVersion: 88.0.4324.96 (68dba2d8a0b14..., userDataDir: C:\Users\MOHAMA~1\AppData\L...}, goog:chromeOptions: {debuggerAddress: localhost:61596}, javascriptEnabled: true, networkConnectionEnabled: false, pageLoadStrategy: normal, platform: WINDOWS, platformName: WINDOWS, proxy: Proxy(), setWindowRect: true, strictFileInteractability: false, timeouts: {implicit: 0, pageLoad: 300000, script: 30000}, unhandledPromptBehavior: dismiss and notify, webauthn:extension:largeBlob: true, webauthn:virtualAuthenticators: true}
Session ID: 0cc0a954e8f7d4115134d1e5fc65466d
at org.openqa.selenium.remote.http.W3CHttpResponseCodec.createException(W3CHttpResponseCodec.java:187)
at org.openqa.selenium.remote.http.W3CHttpResponseCodec.decode(W3CHttpResponseCodec.java:122)
at org.openqa.selenium.remote.http.W3CHttpResponseCodec.decode(W3CHttpResponseCodec.java:49)
at org.openqa.selenium.remote.HttpCommandExecutor.execute(HttpCommandExecutor.java:158)
at org.openqa.selenium.remote.service.DriverCommandExecutor.execute(DriverCommandExecutor.java:83)
at org.openqa.selenium.remote.RemoteWebDriver.execute(RemoteWebDriver.java:552)
at org.openqa.selenium.remote.RemoteWebElement.execute(RemoteWebElement.java:285)
at org.openqa.selenium.remote.RemoteWebElement.click(RemoteWebElement.java:84)
at org.openqa.selenium.support.pagefactory.internal.LocatingElementHandler.invoke(LocatingElementHandler.java:51)
at com.sun.proxy.$Proxy9.click(Unknown Source)
at com.testing.ParametersLoginPage.facebook(ParametersLoginPage.java:34)
... Removed 33 stack frames]]>
    </failure>
  </testcase> <!-- facebook -->
</testsuite> <!-- Test1 -->
